15-Oct-2021 19:26:45.852 WARNING [main] org.apache.catalina.startup.ClassLoaderFactory.validateFile Problem with directory [C:\Users\xIndi\.SmartTomcat\package.json\Erika-Kollier\lib], exists: [false], isDirectory: [false], canRead: [false]
15-Oct-2021 19:26:45.854 WARNING [main] org.apache.catalina.startup.ClassLoaderFactory.validateFile Problem with directory [C:\Users\xIndi\.SmartTomcat\package.json\Erika-Kollier\lib], exists: [false], isDirectory: [false], canRead: [false]
15-Oct-2021 19:26:45.855 WARNING [main] org.apache.catalina.startup.ClassLoaderFactory.validateFile Problem with directory [C:\Users\xIndi\.SmartTomcat\package.json\Erika-Kollier\lib], exists: [false], isDirectory: [false], canRead: [false]
15-Oct-2021 19:26:45.855 WARNING [main] org.apache.catalina.startup.ClassLoaderFactory.validateFile Problem with directory [C:\Users\xIndi\.SmartTomcat\package.json\Erika-Kollier\lib], exists: [false], isDirectory: [false], canRead: [false]
15-Oct-2021 19:26:46.164 INFO [main] org.apache.catalina.startup.VersionLoggerListener.log Server version name:   Apache Tomcat/8.5.71
15-Oct-2021 19:26:46.164 INFO [main] org.apache.catalina.startup.VersionLoggerListener.log Server built:          Sep 9 2021 18:43:14 UTC
15-Oct-2021 19:26:46.164 INFO [main] org.apache.catalina.startup.VersionLoggerListener.log Server version number: 8.5.71.0
15-Oct-2021 19:26:46.164 INFO [main] org.apache.catalina.startup.VersionLoggerListener.log OS Name:               Windows 10
15-Oct-2021 19:26:46.164 INFO [main] org.apache.catalina.startup.VersionLoggerListener.log OS Version:            10.0
15-Oct-2021 19:26:46.164 INFO [main] org.apache.catalina.startup.VersionLoggerListener.log Architecture:          amd64
15-Oct-2021 19:26:46.164 INFO [main] org.apache.catalina.startup.VersionLoggerListener.log Java Home:             C:\Program Files\Eclipse Foundation\jdk-8.0.302.8-hotspot\jre
15-Oct-2021 19:26:46.164 INFO [main] org.apache.catalina.startup.VersionLoggerListener.log JVM Version:           1.8.0_302-b08
15-Oct-2021 19:26:46.164 INFO [main] org.apache.catalina.startup.VersionLoggerListener.log JVM Vendor:            Temurin
15-Oct-2021 19:26:46.164 INFO [main] org.apache.catalina.startup.VersionLoggerListener.log CATALINA_BASE:         C:\Users\xIndi\.SmartTomcat\package.json\Erika-Kollier
15-Oct-2021 19:26:46.164 INFO [main] org.apache.catalina.startup.VersionLoggerListener.log CATALINA_HOME:         C:\Users\xIndi\.SmartTomcat\package.json\Erika-Kollier
15-Oct-2021 19:26:46.164 INFO [main] org.apache.catalina.startup.VersionLoggerListener.log Command line argument: -Djava.util.logging.config.file=C:\Users\xIndi\.SmartTomcat\package.json\Erika-Kollier\conf\logging.properties
15-Oct-2021 19:26:46.165 INFO [main] org.apache.catalina.startup.VersionLoggerListener.log Command line argument: -Djava.util.logging.manager=org.apache.juli.ClassLoaderLogManager
15-Oct-2021 19:26:46.165 INFO [main] org.apache.catalina.startup.VersionLoggerListener.log Command line argument: -Dfile.encoding=UTF-8
15-Oct-2021 19:26:46.165 INFO [main] org.apache.catalina.core.AprLifecycleListener.lifecycleEvent The Apache Tomcat Native library which allows using OpenSSL was not found on the java.library.path: [C:\Program Files\Eclipse Foundation\jdk-8.0.302.8-hotspot\bin;C:\WINDOWS\Sun\Java\bin;C:\WINDOWS\system32;C:\WINDOWS;C:\Program Files\Eclipse Foundation\jdk-8.0.302.8-hotspot\bin;C:\Python310\Scripts\;C:\Python310\;C:\Program Files\AdoptOpenJDK\jdk-11.0.10.9-hotspot\bin;C:\Program Files (x86)\Common Files\Oracle\Java\javapath;C:\WINDOWS\system32;C:\WINDOWS;C:\WINDOWS\System32\Wbem;C:\WINDOWS\System32\WindowsPowerShell\v1.0\;C:\WINDOWS\System32\OpenSSH\;C:\Program Files\NVIDIA Corporation\NVIDIA NvDLISR;C:\Program Files (x86)\NVIDIA Corporation\PhysX\Common;C:\Program Files\dotnet\;C:\Program Files (x86)\dotnet\;C:\Program Files\Git\cmd;C:\ProgramData\chocolatey\bin;C:\Program Files\nodejs\;C:\Users\xIndi\AppData\Local\Microsoft\WindowsApps;C:\Users\xIndi\AppData\Local\Programs\Microsoft VS Code\bin;C:\Program Files\JetBrains\PyCharm Community Edition 2021.1\bin;;C:\Users\xIndi\AppData\Local\GitHubDesktop\bin;C:\Program Files\JetBrains\WebStorm 2021.2.2\bin;;C:\Users\xIndi\AppData\Roaming\npm;C:\Program Files\JetBrains\IntelliJ IDEA 2021.2.2\bin;;C:\Program Files\JetBrains\PyCharm 2021.2.2\bin;;.]
15-Oct-2021 19:26:46.223 INFO [main] org.apache.coyote.AbstractProtocol.init Initializing ProtocolHandler ["http-nio-8080"]
15-Oct-2021 19:26:46.400 INFO [main] org.apache.tomcat.util.net.NioSelectorPool.getSharedSelector Using a shared selector for servlet write/read
15-Oct-2021 19:26:46.419 INFO [main] org.apache.catalina.startup.Catalina.load Initialization processed in 554 ms
15-Oct-2021 19:26:46.451 INFO [main] org.apache.catalina.core.StandardService.startInternal Starting service [Catalina]
15-Oct-2021 19:26:46.451 INFO [main] org.apache.catalina.core.StandardEngine.startInternal Starting Servlet engine: [Apache Tomcat/8.5.71]
15-Oct-2021 19:26:48.099 INFO [localhost-startStop-1] org.apache.jasper.servlet.TldScanner.scanJars At least one JAR was scanned for TLDs yet contained no TLDs. Enable debug logging for this logger for a complete list of JARs that were scanned but no TLDs were found in them. Skipping unneeded JARs during scanning can improve startup time and JSP compilation time.
15-Oct-2021 19:26:48.493 INFO [localhost-startStop-1] org.hibernate.Version.logVersion HHH000412: Hibernate Core {5.3.2.Final}
15-Oct-2021 19:26:48.495 INFO [localhost-startStop-1] org.hibernate.cfg.Environment.<clinit> HHH000206: hibernate.properties not found
15-Oct-2021 19:26:49.009 INFO [localhost-startStop-1] org.hibernate.annotations.common.reflection.java.JavaReflectionManager.<clinit> HCANN000001: Hibernate Commons Annotations {5.0.4.Final}
15-Oct-2021 19:26:49.418 WARN [localhost-startStop-1] org.hibernate.engine.jdbc.connections.internal.DriverManagerConnectionProviderImpl.configure HHH10001002: Using Hibernate built-in connection pool (not for production use!)
15-Oct-2021 19:26:49.424 INFO [localhost-startStop-1] org.hibernate.engine.jdbc.connections.internal.DriverManagerConnectionProviderImpl.buildCreator HHH10001005: using driver [org.mariadb.jdbc.Driver] at URL [jdbc:mariadb://practice.cnybvnomlu5g.us-east-2.rds.amazonaws.com:3306/Project1?useSSL=false]
15-Oct-2021 19:26:49.424 INFO [localhost-startStop-1] org.hibernate.engine.jdbc.connections.internal.DriverManagerConnectionProviderImpl.buildCreator HHH10001001: Connection properties: {user=admin, password=****, pool.size=1}
15-Oct-2021 19:26:49.424 INFO [localhost-startStop-1] org.hibernate.engine.jdbc.connections.internal.DriverManagerConnectionProviderImpl.buildCreator HHH10001003: Autocommit mode: false
15-Oct-2021 19:26:49.433 INFO [localhost-startStop-1] org.hibernate.engine.jdbc.connections.internal.DriverManagerConnectionProviderImpl$PooledConnections.<init> HHH000115: Hibernate connection pool size: 20 (min=1)
15-Oct-2021 19:26:49.754 INFO [localhost-startStop-1] org.hibernate.dialect.Dialect.<init> HHH000400: Using dialect: org.hibernate.dialect.MySQLDialect
Hibernate: drop table if exists hibernate_sequence
15-Oct-2021 19:26:51.973 INFO [localhost-startStop-1] org.hibernate.resource.transaction.backend.jdbc.internal.DdlTransactionIsolatorNonJtaImpl.getIsolatedConnection HHH10001501: Connection obtained from JdbcConnectionAccess [org.hibernate.engine.jdbc.env.internal.JdbcEnvironmentInitiator$ConnectionProviderJdbcConnectionAccess@7c07bf8f] for (non-JTA) DDL execution was not in auto-commit mode; the Connection 'local transaction' will be committed and the Connection will be set into auto-commit mode.
Hibernate: drop table if exists ROLES
Hibernate: drop table if exists TICKETS
Hibernate: drop table if exists TRAINS
Hibernate: drop table if exists USERINFO
Hibernate: drop table if exists USERS
Hibernate: create table hibernate_sequence (next_val bigint) type=MyISAM
15-Oct-2021 19:26:52.252 INFO [localhost-startStop-1] org.hibernate.resource.transaction.backend.jdbc.internal.DdlTransactionIsolatorNonJtaImpl.getIsolatedConnection HHH10001501: Connection obtained from JdbcConnectionAccess [org.hibernate.engine.jdbc.env.internal.JdbcEnvironmentInitiator$ConnectionProviderJdbcConnectionAccess@738d841b] for (non-JTA) DDL execution was not in auto-commit mode; the Connection 'local transaction' will be committed and the Connection will be set into auto-commit mode.
15-Oct-2021 19:26:52.331 WARN [localhost-startStop-1] org.hibernate.tool.schema.internal.ExceptionHandlerLoggedImpl.handleException GenerationTarget encountered exception accepting command : Error executing DDL "create table hibernate_sequence (next_val bigint) type=MyISAM" via JDBC Statement
	org.hibernate.tool.schema.spi.CommandAcceptanceException: Error executing DDL "create table hibernate_sequence (next_val bigint) type=MyISAM" via JDBC Statement
		at org.hibernate.tool.schema.internal.exec.GenerationTargetToDatabase.accept(GenerationTargetToDatabase.java:67)
		at org.hibernate.tool.schema.internal.SchemaCreatorImpl.applySqlString(SchemaCreatorImpl.java:440)
		at org.hibernate.tool.schema.internal.SchemaCreatorImpl.applySqlStrings(SchemaCreatorImpl.java:424)
		at org.hibernate.tool.schema.internal.SchemaCreatorImpl.createFromMetadata(SchemaCreatorImpl.java:315)
		at org.hibernate.tool.schema.internal.SchemaCreatorImpl.performCreation(SchemaCreatorImpl.java:166)
		at org.hibernate.tool.schema.internal.SchemaCreatorImpl.doCreation(SchemaCreatorImpl.java:135)
		at org.hibernate.tool.schema.internal.SchemaCreatorImpl.doCreation(SchemaCreatorImpl.java:121)
		at org.hibernate.tool.schema.spi.SchemaManagementToolCoordinator.performDatabaseAction(SchemaManagementToolCoordinator.java:155)
		at org.hibernate.tool.schema.spi.SchemaManagementToolCoordinator.process(SchemaManagementToolCoordinator.java:72)
		at org.hibernate.internal.SessionFactoryImpl.<init>(SessionFactoryImpl.java:310)
		at org.hibernate.boot.internal.SessionFactoryBuilderImpl.build(SessionFactoryBuilderImpl.java:467)
		at org.hibernate.cfg.Configuration.buildSessionFactory(Configuration.java:708)
		at org.hibernate.cfg.Configuration.buildSessionFactory(Configuration.java:724)
		at Utils.DependencyLoaderListener.contextInitialized(DependencyLoaderListener.java:28)
		at org.apache.catalina.core.StandardContext.listenerStart(StandardContext.java:4763)
		at org.apache.catalina.core.StandardContext.startInternal(StandardContext.java:5232)
		at org.apache.catalina.util.LifecycleBase.start(LifecycleBase.java:183)
		at org.apache.catalina.core.ContainerBase$StartChild.call(ContainerBase.java:1427)
		at org.apache.catalina.core.ContainerBase$StartChild.call(ContainerBase.java:1417)
		at java.util.concurrent.FutureTask.run(FutureTask.java:266)
		at java.util.concurrent.ThreadPoolExecutor.runWorker(ThreadPoolExecutor.java:1149)
		at java.util.concurrent.ThreadPoolExecutor$Worker.run(ThreadPoolExecutor.java:624)
		at java.lang.Thread.run(Thread.java:748)
	Caused by: java.sql.SQLSyntaxErrorException: (conn=9376) You have an error in your SQL syntax; check the manual that corresponds to your MariaDB server version for the right syntax to use near 'type=MyISAM' at line 1
		at org.mariadb.jdbc.internal.util.exceptions.ExceptionFactory.createException(ExceptionFactory.java:62)
		at org.mariadb.jdbc.internal.util.exceptions.ExceptionFactory.create(ExceptionFactory.java:158)
		at org.mariadb.jdbc.MariaDbStatement.executeExceptionEpilogue(MariaDbStatement.java:266)
		at org.mariadb.jdbc.MariaDbStatement.executeInternal(MariaDbStatement.java:366)
		at org.mariadb.jdbc.MariaDbStatement.execute(MariaDbStatement.java:504)
		at org.hibernate.tool.schema.internal.exec.GenerationTargetToDatabase.accept(GenerationTargetToDatabase.java:54)
		... 22 more
	Caused by: org.mariadb.jdbc.internal.util.exceptions.MariaDbSqlException: You have an error in your SQL syntax; check the manual that corresponds to your MariaDB server version for the right syntax to use near 'type=MyISAM' at line 1
		at org.mariadb.jdbc.internal.util.exceptions.MariaDbSqlException.of(MariaDbSqlException.java:34)
		at org.mariadb.jdbc.internal.protocol.AbstractQueryProtocol.exceptionWithQuery(AbstractQueryProtocol.java:194)
		at org.mariadb.jdbc.internal.protocol.AbstractQueryProtocol.executeQuery(AbstractQueryProtocol.java:262)
		at org.mariadb.jdbc.MariaDbStatement.executeInternal(MariaDbStatement.java:360)
		... 24 more
	Caused by: java.sql.SQLException: You have an error in your SQL syntax; check the manual that corresponds to your MariaDB server version for the right syntax to use near 'type=MyISAM' at line 1
		at org.mariadb.jdbc.internal.protocol.AbstractQueryProtocol.readErrorPacket(AbstractQueryProtocol.java:1694)
		at org.mariadb.jdbc.internal.protocol.AbstractQueryProtocol.readPacket(AbstractQueryProtocol.java:1556)
		at org.mariadb.jdbc.internal.protocol.AbstractQueryProtocol.getResult(AbstractQueryProtocol.java:1519)
		at org.mariadb.jdbc.internal.protocol.AbstractQueryProtocol.executeQuery(AbstractQueryProtocol.java:256)
		... 25 more
Hibernate: insert into hibernate_sequence values ( 1 )
15-Oct-2021 19:26:52.376 WARN [localhost-startStop-1] org.hibernate.tool.schema.internal.ExceptionHandlerLoggedImpl.handleException GenerationTarget encountered exception accepting command : Error executing DDL "insert into hibernate_sequence values ( 1 )" via JDBC Statement
	org.hibernate.tool.schema.spi.CommandAcceptanceException: Error executing DDL "insert into hibernate_sequence values ( 1 )" via JDBC Statement
		at org.hibernate.tool.schema.internal.exec.GenerationTargetToDatabase.accept(GenerationTargetToDatabase.java:67)
		at org.hibernate.tool.schema.internal.SchemaCreatorImpl.applySqlString(SchemaCreatorImpl.java:440)
		at org.hibernate.tool.schema.internal.SchemaCreatorImpl.applySqlStrings(SchemaCreatorImpl.java:424)
		at org.hibernate.tool.schema.internal.SchemaCreatorImpl.createFromMetadata(SchemaCreatorImpl.java:315)
		at org.hibernate.tool.schema.internal.SchemaCreatorImpl.performCreation(SchemaCreatorImpl.java:166)
		at org.hibernate.tool.schema.internal.SchemaCreatorImpl.doCreation(SchemaCreatorImpl.java:135)
		at org.hibernate.tool.schema.internal.SchemaCreatorImpl.doCreation(SchemaCreatorImpl.java:121)
		at org.hibernate.tool.schema.spi.SchemaManagementToolCoordinator.performDatabaseAction(SchemaManagementToolCoordinator.java:155)
		at org.hibernate.tool.schema.spi.SchemaManagementToolCoordinator.process(SchemaManagementToolCoordinator.java:72)
		at org.hibernate.internal.SessionFactoryImpl.<init>(SessionFactoryImpl.java:310)
		at org.hibernate.boot.internal.SessionFactoryBuilderImpl.build(SessionFactoryBuilderImpl.java:467)
		at org.hibernate.cfg.Configuration.buildSessionFactory(Configuration.java:708)
		at org.hibernate.cfg.Configuration.buildSessionFactory(Configuration.java:724)
		at Utils.DependencyLoaderListener.contextInitialized(DependencyLoaderListener.java:28)
		at org.apache.catalina.core.StandardContext.listenerStart(StandardContext.java:4763)
		at org.apache.catalina.core.StandardContext.startInternal(StandardContext.java:5232)
		at org.apache.catalina.util.LifecycleBase.start(LifecycleBase.java:183)
		at org.apache.catalina.core.ContainerBase$StartChild.call(ContainerBase.java:1427)
		at org.apache.catalina.core.ContainerBase$StartChild.call(ContainerBase.java:1417)
		at java.util.concurrent.FutureTask.run(FutureTask.java:266)
		at java.util.concurrent.ThreadPoolExecutor.runWorker(ThreadPoolExecutor.java:1149)
		at java.util.concurrent.ThreadPoolExecutor$Worker.run(ThreadPoolExecutor.java:624)
		at java.lang.Thread.run(Thread.java:748)
	Caused by: java.sql.SQLSyntaxErrorException: (conn=9376) Table 'Project1.hibernate_sequence' doesn't exist
		at org.mariadb.jdbc.internal.util.exceptions.ExceptionFactory.createException(ExceptionFactory.java:62)
		at org.mariadb.jdbc.internal.util.exceptions.ExceptionFactory.create(ExceptionFactory.java:158)
		at org.mariadb.jdbc.MariaDbStatement.executeExceptionEpilogue(MariaDbStatement.java:266)
		at org.mariadb.jdbc.MariaDbStatement.executeInternal(MariaDbStatement.java:366)
		at org.mariadb.jdbc.MariaDbStatement.execute(MariaDbStatement.java:504)
		at org.hibernate.tool.schema.internal.exec.GenerationTargetToDatabase.accept(GenerationTargetToDatabase.java:54)
		... 22 more
	Caused by: org.mariadb.jdbc.internal.util.exceptions.MariaDbSqlException: Table 'Project1.hibernate_sequence' doesn't exist
		at org.mariadb.jdbc.internal.util.exceptions.MariaDbSqlException.of(MariaDbSqlException.java:34)
		at org.mariadb.jdbc.internal.protocol.AbstractQueryProtocol.exceptionWithQuery(AbstractQueryProtocol.java:194)
		at org.mariadb.jdbc.internal.protocol.AbstractQueryProtocol.executeQuery(AbstractQueryProtocol.java:262)
		at org.mariadb.jdbc.MariaDbStatement.executeInternal(MariaDbStatement.java:360)
		... 24 more
	Caused by: java.sql.SQLException: Table 'Project1.hibernate_sequence' doesn't exist
		at org.mariadb.jdbc.internal.protocol.AbstractQueryProtocol.readErrorPacket(AbstractQueryProtocol.java:1694)
		at org.mariadb.jdbc.internal.protocol.AbstractQueryProtocol.readPacket(AbstractQueryProtocol.java:1556)
		at org.mariadb.jdbc.internal.protocol.AbstractQueryProtocol.getResult(AbstractQueryProtocol.java:1519)
		at org.mariadb.jdbc.internal.protocol.AbstractQueryProtocol.executeQuery(AbstractQueryProtocol.java:256)
		... 25 more
Hibernate: insert into hibernate_sequence values ( 1 )
15-Oct-2021 19:26:52.422 WARN [localhost-startStop-1] org.hibernate.tool.schema.internal.ExceptionHandlerLoggedImpl.handleException GenerationTarget encountered exception accepting command : Error executing DDL "insert into hibernate_sequence values ( 1 )" via JDBC Statement
	org.hibernate.tool.schema.spi.CommandAcceptanceException: Error executing DDL "insert into hibernate_sequence values ( 1 )" via JDBC Statement
		at org.hibernate.tool.schema.internal.exec.GenerationTargetToDatabase.accept(GenerationTargetToDatabase.java:67)
		at org.hibernate.tool.schema.internal.SchemaCreatorImpl.applySqlString(SchemaCreatorImpl.java:440)
		at org.hibernate.tool.schema.internal.SchemaCreatorImpl.applySqlStrings(SchemaCreatorImpl.java:424)
		at org.hibernate.tool.schema.internal.SchemaCreatorImpl.createFromMetadata(SchemaCreatorImpl.java:315)
		at org.hibernate.tool.schema.internal.SchemaCreatorImpl.performCreation(SchemaCreatorImpl.java:166)
		at org.hibernate.tool.schema.internal.SchemaCreatorImpl.doCreation(SchemaCreatorImpl.java:135)
		at org.hibernate.tool.schema.internal.SchemaCreatorImpl.doCreation(SchemaCreatorImpl.java:121)
		at org.hibernate.tool.schema.spi.SchemaManagementToolCoordinator.performDatabaseAction(SchemaManagementToolCoordinator.java:155)
		at org.hibernate.tool.schema.spi.SchemaManagementToolCoordinator.process(SchemaManagementToolCoordinator.java:72)
		at org.hibernate.internal.SessionFactoryImpl.<init>(SessionFactoryImpl.java:310)
		at org.hibernate.boot.internal.SessionFactoryBuilderImpl.build(SessionFactoryBuilderImpl.java:467)
		at org.hibernate.cfg.Configuration.buildSessionFactory(Configuration.java:708)
		at org.hibernate.cfg.Configuration.buildSessionFactory(Configuration.java:724)
		at Utils.DependencyLoaderListener.contextInitialized(DependencyLoaderListener.java:28)
		at org.apache.catalina.core.StandardContext.listenerStart(StandardContext.java:4763)
		at org.apache.catalina.core.StandardContext.startInternal(StandardContext.java:5232)
		at org.apache.catalina.util.LifecycleBase.start(LifecycleBase.java:183)
		at org.apache.catalina.core.ContainerBase$StartChild.call(ContainerBase.java:1427)
		at org.apache.catalina.core.ContainerBase$StartChild.call(ContainerBase.java:1417)
		at java.util.concurrent.FutureTask.run(FutureTask.java:266)
		at java.util.concurrent.ThreadPoolExecutor.runWorker(ThreadPoolExecutor.java:1149)
		at java.util.concurrent.ThreadPoolExecutor$Worker.run(ThreadPoolExecutor.java:624)
		at java.lang.Thread.run(Thread.java:748)
	Caused by: java.sql.SQLSyntaxErrorException: (conn=9376) Table 'Project1.hibernate_sequence' doesn't exist
		at org.mariadb.jdbc.internal.util.exceptions.ExceptionFactory.createException(ExceptionFactory.java:62)
		at org.mariadb.jdbc.internal.util.exceptions.ExceptionFactory.create(ExceptionFactory.java:158)
		at org.mariadb.jdbc.MariaDbStatement.executeExceptionEpilogue(MariaDbStatement.java:266)
		at org.mariadb.jdbc.MariaDbStatement.executeInternal(MariaDbStatement.java:366)
		at org.mariadb.jdbc.MariaDbStatement.execute(MariaDbStatement.java:504)
		at org.hibernate.tool.schema.internal.exec.GenerationTargetToDatabase.accept(GenerationTargetToDatabase.java:54)
		... 22 more
	Caused by: org.mariadb.jdbc.internal.util.exceptions.MariaDbSqlException: Table 'Project1.hibernate_sequence' doesn't exist
		at org.mariadb.jdbc.internal.util.exceptions.MariaDbSqlException.of(MariaDbSqlException.java:34)
		at org.mariadb.jdbc.internal.protocol.AbstractQueryProtocol.exceptionWithQuery(AbstractQueryProtocol.java:194)
		at org.mariadb.jdbc.internal.protocol.AbstractQueryProtocol.executeQuery(AbstractQueryProtocol.java:262)
		at org.mariadb.jdbc.MariaDbStatement.executeInternal(MariaDbStatement.java:360)
		... 24 more
	Caused by: java.sql.SQLException: Table 'Project1.hibernate_sequence' doesn't exist
		at org.mariadb.jdbc.internal.protocol.AbstractQueryProtocol.readErrorPacket(AbstractQueryProtocol.java:1694)
		at org.mariadb.jdbc.internal.protocol.AbstractQueryProtocol.readPacket(AbstractQueryProtocol.java:1556)
		at org.mariadb.jdbc.internal.protocol.AbstractQueryProtocol.getResult(AbstractQueryProtocol.java:1519)
		at org.mariadb.jdbc.internal.protocol.AbstractQueryProtocol.executeQuery(AbstractQueryProtocol.java:256)
		... 25 more
Hibernate: create table ROLES (ROLE_ID integer not null, USER_ROLE varchar(255), primary key (ROLE_ID)) type=MyISAM
15-Oct-2021 19:26:52.454 WARN [localhost-startStop-1] org.hibernate.tool.schema.internal.ExceptionHandlerLoggedImpl.handleException GenerationTarget encountered exception accepting command : Error executing DDL "create table ROLES (ROLE_ID integer not null, USER_ROLE varchar(255), primary key (ROLE_ID)) type=MyISAM" via JDBC Statement
	org.hibernate.tool.schema.spi.CommandAcceptanceException: Error executing DDL "create table ROLES (ROLE_ID integer not null, USER_ROLE varchar(255), primary key (ROLE_ID)) type=MyISAM" via JDBC Statement
		at org.hibernate.tool.schema.internal.exec.GenerationTargetToDatabase.accept(GenerationTargetToDatabase.java:67)
		at org.hibernate.tool.schema.internal.SchemaCreatorImpl.applySqlString(SchemaCreatorImpl.java:440)
		at org.hibernate.tool.schema.internal.SchemaCreatorImpl.applySqlStrings(SchemaCreatorImpl.java:424)
		at org.hibernate.tool.schema.internal.SchemaCreatorImpl.createFromMetadata(SchemaCreatorImpl.java:315)
		at org.hibernate.tool.schema.internal.SchemaCreatorImpl.performCreation(SchemaCreatorImpl.java:166)
		at org.hibernate.tool.schema.internal.SchemaCreatorImpl.doCreation(SchemaCreatorImpl.java:135)
		at org.hibernate.tool.schema.internal.SchemaCreatorImpl.doCreation(SchemaCreatorImpl.java:121)
		at org.hibernate.tool.schema.spi.SchemaManagementToolCoordinator.performDatabaseAction(SchemaManagementToolCoordinator.java:155)
		at org.hibernate.tool.schema.spi.SchemaManagementToolCoordinator.process(SchemaManagementToolCoordinator.java:72)
		at org.hibernate.internal.SessionFactoryImpl.<init>(SessionFactoryImpl.java:310)
		at org.hibernate.boot.internal.SessionFactoryBuilderImpl.build(SessionFactoryBuilderImpl.java:467)
		at org.hibernate.cfg.Configuration.buildSessionFactory(Configuration.java:708)
		at org.hibernate.cfg.Configuration.buildSessionFactory(Configuration.java:724)
		at Utils.DependencyLoaderListener.contextInitialized(DependencyLoaderListener.java:28)
		at org.apache.catalina.core.StandardContext.listenerStart(StandardContext.java:4763)
		at org.apache.catalina.core.StandardContext.startInternal(StandardContext.java:5232)
		at org.apache.catalina.util.LifecycleBase.start(LifecycleBase.java:183)
		at org.apache.catalina.core.ContainerBase$StartChild.call(ContainerBase.java:1427)
		at org.apache.catalina.core.ContainerBase$StartChild.call(ContainerBase.java:1417)
		at java.util.concurrent.FutureTask.run(FutureTask.java:266)
		at java.util.concurrent.ThreadPoolExecutor.runWorker(ThreadPoolExecutor.java:1149)
		at java.util.concurrent.ThreadPoolExecutor$Worker.run(ThreadPoolExecutor.java:624)
		at java.lang.Thread.run(Thread.java:748)
	Caused by: java.sql.SQLSyntaxErrorException: (conn=9376) You have an error in your SQL syntax; check the manual that corresponds to your MariaDB server version for the right syntax to use near 'type=MyISAM' at line 1
		at org.mariadb.jdbc.internal.util.exceptions.ExceptionFactory.createException(ExceptionFactory.java:62)
		at org.mariadb.jdbc.internal.util.exceptions.ExceptionFactory.create(ExceptionFactory.java:158)
		at org.mariadb.jdbc.MariaDbStatement.executeExceptionEpilogue(MariaDbStatement.java:266)
		at org.mariadb.jdbc.MariaDbStatement.executeInternal(MariaDbStatement.java:366)
		at org.mariadb.jdbc.MariaDbStatement.execute(MariaDbStatement.java:504)
		at org.hibernate.tool.schema.internal.exec.GenerationTargetToDatabase.accept(GenerationTargetToDatabase.java:54)
		... 22 more
	Caused by: org.mariadb.jdbc.internal.util.exceptions.MariaDbSqlException: You have an error in your SQL syntax; check the manual that corresponds to your MariaDB server version for the right syntax to use near 'type=MyISAM' at line 1
		at org.mariadb.jdbc.internal.util.exceptions.MariaDbSqlException.of(MariaDbSqlException.java:34)
		at org.mariadb.jdbc.internal.protocol.AbstractQueryProtocol.exceptionWithQuery(AbstractQueryProtocol.java:194)
		at org.mariadb.jdbc.internal.protocol.AbstractQueryProtocol.executeQuery(AbstractQueryProtocol.java:262)
		at org.mariadb.jdbc.MariaDbStatement.executeInternal(MariaDbStatement.java:360)
		... 24 more
	Caused by: java.sql.SQLException: You have an error in your SQL syntax; check the manual that corresponds to your MariaDB server version for the right syntax to use near 'type=MyISAM' at line 1
		at org.mariadb.jdbc.internal.protocol.AbstractQueryProtocol.readErrorPacket(AbstractQueryProtocol.java:1694)
		at org.mariadb.jdbc.internal.protocol.AbstractQueryProtocol.readPacket(AbstractQueryProtocol.java:1556)
		at org.mariadb.jdbc.internal.protocol.AbstractQueryProtocol.getResult(AbstractQueryProtocol.java:1519)
		at org.mariadb.jdbc.internal.protocol.AbstractQueryProtocol.executeQuery(AbstractQueryProtocol.java:256)
		... 25 more
Hibernate: create table TICKETS (TICKET_ID integer not null, DESCRIPTION varchar(255), primary key (TICKET_ID)) type=MyISAM
15-Oct-2021 19:26:52.491 WARN [localhost-startStop-1] org.hibernate.tool.schema.internal.ExceptionHandlerLoggedImpl.handleException GenerationTarget encountered exception accepting command : Error executing DDL "create table TICKETS (TICKET_ID integer not null, DESCRIPTION varchar(255), primary key (TICKET_ID)) type=MyISAM" via JDBC Statement
	org.hibernate.tool.schema.spi.CommandAcceptanceException: Error executing DDL "create table TICKETS (TICKET_ID integer not null, DESCRIPTION varchar(255), primary key (TICKET_ID)) type=MyISAM" via JDBC Statement
		at org.hibernate.tool.schema.internal.exec.GenerationTargetToDatabase.accept(GenerationTargetToDatabase.java:67)
		at org.hibernate.tool.schema.internal.SchemaCreatorImpl.applySqlString(SchemaCreatorImpl.java:440)
		at org.hibernate.tool.schema.internal.SchemaCreatorImpl.applySqlStrings(SchemaCreatorImpl.java:424)
		at org.hibernate.tool.schema.internal.SchemaCreatorImpl.createFromMetadata(SchemaCreatorImpl.java:315)
		at org.hibernate.tool.schema.internal.SchemaCreatorImpl.performCreation(SchemaCreatorImpl.java:166)
		at org.hibernate.tool.schema.internal.SchemaCreatorImpl.doCreation(SchemaCreatorImpl.java:135)
		at org.hibernate.tool.schema.internal.SchemaCreatorImpl.doCreation(SchemaCreatorImpl.java:121)
		at org.hibernate.tool.schema.spi.SchemaManagementToolCoordinator.performDatabaseAction(SchemaManagementToolCoordinator.java:155)
		at org.hibernate.tool.schema.spi.SchemaManagementToolCoordinator.process(SchemaManagementToolCoordinator.java:72)
		at org.hibernate.internal.SessionFactoryImpl.<init>(SessionFactoryImpl.java:310)
		at org.hibernate.boot.internal.SessionFactoryBuilderImpl.build(SessionFactoryBuilderImpl.java:467)
		at org.hibernate.cfg.Configuration.buildSessionFactory(Configuration.java:708)
		at org.hibernate.cfg.Configuration.buildSessionFactory(Configuration.java:724)
		at Utils.DependencyLoaderListener.contextInitialized(DependencyLoaderListener.java:28)
		at org.apache.catalina.core.StandardContext.listenerStart(StandardContext.java:4763)
		at org.apache.catalina.core.StandardContext.startInternal(StandardContext.java:5232)
		at org.apache.catalina.util.LifecycleBase.start(LifecycleBase.java:183)
		at org.apache.catalina.core.ContainerBase$StartChild.call(ContainerBase.java:1427)
		at org.apache.catalina.core.ContainerBase$StartChild.call(ContainerBase.java:1417)
		at java.util.concurrent.FutureTask.run(FutureTask.java:266)
		at java.util.concurrent.ThreadPoolExecutor.runWorker(ThreadPoolExecutor.java:1149)
		at java.util.concurrent.ThreadPoolExecutor$Worker.run(ThreadPoolExecutor.java:624)
		at java.lang.Thread.run(Thread.java:748)
	Caused by: java.sql.SQLSyntaxErrorException: (conn=9376) You have an error in your SQL syntax; check the manual that corresponds to your MariaDB server version for the right syntax to use near 'type=MyISAM' at line 1
		at org.mariadb.jdbc.internal.util.exceptions.ExceptionFactory.createException(ExceptionFactory.java:62)
		at org.mariadb.jdbc.internal.util.exceptions.ExceptionFactory.create(ExceptionFactory.java:158)
		at org.mariadb.jdbc.MariaDbStatement.executeExceptionEpilogue(MariaDbStatement.java:266)
		at org.mariadb.jdbc.MariaDbStatement.executeInternal(MariaDbStatement.java:366)
		at org.mariadb.jdbc.MariaDbStatement.execute(MariaDbStatement.java:504)
		at org.hibernate.tool.schema.internal.exec.GenerationTargetToDatabase.accept(GenerationTargetToDatabase.java:54)
		... 22 more
	Caused by: org.mariadb.jdbc.internal.util.exceptions.MariaDbSqlException: You have an error in your SQL syntax; check the manual that corresponds to your MariaDB server version for the right syntax to use near 'type=MyISAM' at line 1
		at org.mariadb.jdbc.internal.util.exceptions.MariaDbSqlException.of(MariaDbSqlException.java:34)
		at org.mariadb.jdbc.internal.protocol.AbstractQueryProtocol.exceptionWithQuery(AbstractQueryProtocol.java:194)
		at org.mariadb.jdbc.internal.protocol.AbstractQueryProtocol.executeQuery(AbstractQueryProtocol.java:262)
		at org.mariadb.jdbc.MariaDbStatement.executeInternal(MariaDbStatement.java:360)
		... 24 more
	Caused by: java.sql.SQLException: You have an error in your SQL syntax; check the manual that corresponds to your MariaDB server version for the right syntax to use near 'type=MyISAM' at line 1
		at org.mariadb.jdbc.internal.protocol.AbstractQueryProtocol.readErrorPacket(AbstractQueryProtocol.java:1694)
		at org.mariadb.jdbc.internal.protocol.AbstractQueryProtocol.readPacket(AbstractQueryProtocol.java:1556)
		at org.mariadb.jdbc.internal.protocol.AbstractQueryProtocol.getResult(AbstractQueryProtocol.java:1519)
		at org.mariadb.jdbc.internal.protocol.AbstractQueryProtocol.executeQuery(AbstractQueryProtocol.java:256)
		... 25 more
Hibernate: create table TRAINS (TRAIN_ID integer not null auto_increment, AVAILABLE bit, PASSENGERS integer, TICKET_ID integer, primary key (TRAIN_ID)) type=MyISAM
15-Oct-2021 19:26:52.534 WARN [localhost-startStop-1] org.hibernate.tool.schema.internal.ExceptionHandlerLoggedImpl.handleException GenerationTarget encountered exception accepting command : Error executing DDL "create table TRAINS (TRAIN_ID integer not null auto_increment, AVAILABLE bit, PASSENGERS integer, TICKET_ID integer, primary key (TRAIN_ID)) type=MyISAM" via JDBC Statement
	org.hibernate.tool.schema.spi.CommandAcceptanceException: Error executing DDL "create table TRAINS (TRAIN_ID integer not null auto_increment, AVAILABLE bit, PASSENGERS integer, TICKET_ID integer, primary key (TRAIN_ID)) type=MyISAM" via JDBC Statement
		at org.hibernate.tool.schema.internal.exec.GenerationTargetToDatabase.accept(GenerationTargetToDatabase.java:67)
		at org.hibernate.tool.schema.internal.SchemaCreatorImpl.applySqlString(SchemaCreatorImpl.java:440)
		at org.hibernate.tool.schema.internal.SchemaCreatorImpl.applySqlStrings(SchemaCreatorImpl.java:424)
		at org.hibernate.tool.schema.internal.SchemaCreatorImpl.createFromMetadata(SchemaCreatorImpl.java:315)
		at org.hibernate.tool.schema.internal.SchemaCreatorImpl.performCreation(SchemaCreatorImpl.java:166)
		at org.hibernate.tool.schema.internal.SchemaCreatorImpl.doCreation(SchemaCreatorImpl.java:135)
		at org.hibernate.tool.schema.internal.SchemaCreatorImpl.doCreation(SchemaCreatorImpl.java:121)
		at org.hibernate.tool.schema.spi.SchemaManagementToolCoordinator.performDatabaseAction(SchemaManagementToolCoordinator.java:155)
		at org.hibernate.tool.schema.spi.SchemaManagementToolCoordinator.process(SchemaManagementToolCoordinator.java:72)
		at org.hibernate.internal.SessionFactoryImpl.<init>(SessionFactoryImpl.java:310)
		at org.hibernate.boot.internal.SessionFactoryBuilderImpl.build(SessionFactoryBuilderImpl.java:467)
		at org.hibernate.cfg.Configuration.buildSessionFactory(Configuration.java:708)
		at org.hibernate.cfg.Configuration.buildSessionFactory(Configuration.java:724)
		at Utils.DependencyLoaderListener.contextInitialized(DependencyLoaderListener.java:28)
		at org.apache.catalina.core.StandardContext.listenerStart(StandardContext.java:4763)
		at org.apache.catalina.core.StandardContext.startInternal(StandardContext.java:5232)
		at org.apache.catalina.util.LifecycleBase.start(LifecycleBase.java:183)
		at org.apache.catalina.core.ContainerBase$StartChild.call(ContainerBase.java:1427)
		at org.apache.catalina.core.ContainerBase$StartChild.call(ContainerBase.java:1417)
		at java.util.concurrent.FutureTask.run(FutureTask.java:266)
		at java.util.concurrent.ThreadPoolExecutor.runWorker(ThreadPoolExecutor.java:1149)
		at java.util.concurrent.ThreadPoolExecutor$Worker.run(ThreadPoolExecutor.java:624)
		at java.lang.Thread.run(Thread.java:748)
	Caused by: java.sql.SQLSyntaxErrorException: (conn=9376) You have an error in your SQL syntax; check the manual that corresponds to your MariaDB server version for the right syntax to use near 'type=MyISAM' at line 1
		at org.mariadb.jdbc.internal.util.exceptions.ExceptionFactory.createException(ExceptionFactory.java:62)
		at org.mariadb.jdbc.internal.util.exceptions.ExceptionFactory.create(ExceptionFactory.java:158)
		at org.mariadb.jdbc.MariaDbStatement.executeExceptionEpilogue(MariaDbStatement.java:266)
		at org.mariadb.jdbc.MariaDbStatement.executeInternal(MariaDbStatement.java:366)
		at org.mariadb.jdbc.MariaDbStatement.execute(MariaDbStatement.java:504)
		at org.hibernate.tool.schema.internal.exec.GenerationTargetToDatabase.accept(GenerationTargetToDatabase.java:54)
		... 22 more
	Caused by: org.mariadb.jdbc.internal.util.exceptions.MariaDbSqlException: You have an error in your SQL syntax; check the manual that corresponds to your MariaDB server version for the right syntax to use near 'type=MyISAM' at line 1
		at org.mariadb.jdbc.internal.util.exceptions.MariaDbSqlException.of(MariaDbSqlException.java:34)
		at org.mariadb.jdbc.internal.protocol.AbstractQueryProtocol.exceptionWithQuery(AbstractQueryProtocol.java:194)
		at org.mariadb.jdbc.internal.protocol.AbstractQueryProtocol.executeQuery(AbstractQueryProtocol.java:262)
		at org.mariadb.jdbc.MariaDbStatement.executeInternal(MariaDbStatement.java:360)
		... 24 more
	Caused by: java.sql.SQLException: You have an error in your SQL syntax; check the manual that corresponds to your MariaDB server version for the right syntax to use near 'type=MyISAM' at line 1
		at org.mariadb.jdbc.internal.protocol.AbstractQueryProtocol.readErrorPacket(AbstractQueryProtocol.java:1694)
		at org.mariadb.jdbc.internal.protocol.AbstractQueryProtocol.readPacket(AbstractQueryProtocol.java:1556)
		at org.mariadb.jdbc.internal.protocol.AbstractQueryProtocol.getResult(AbstractQueryProtocol.java:1519)
		at org.mariadb.jdbc.internal.protocol.AbstractQueryProtocol.executeQuery(AbstractQueryProtocol.java:256)
		... 25 more
Hibernate: create table USERINFO (USER_ID BINARY(16) not null, PASSWORD varchar(255) not null, ROLE_ID integer not null, TICKET_ID integer not null, USER_ROLE varchar(255) not null, USERNAME varchar(255) not null, primary key (USER_ID)) type=MyISAM
15-Oct-2021 19:26:52.581 WARN [localhost-startStop-1] org.hibernate.tool.schema.internal.ExceptionHandlerLoggedImpl.handleException GenerationTarget encountered exception accepting command : Error executing DDL "create table USERINFO (USER_ID BINARY(16) not null, PASSWORD varchar(255) not null, ROLE_ID integer not null, TICKET_ID integer not null, USER_ROLE varchar(255) not null, USERNAME varchar(255) not null, primary key (USER_ID)) type=MyISAM" via JDBC Statement
	org.hibernate.tool.schema.spi.CommandAcceptanceException: Error executing DDL "create table USERINFO (USER_ID BINARY(16) not null, PASSWORD varchar(255) not null, ROLE_ID integer not null, TICKET_ID integer not null, USER_ROLE varchar(255) not null, USERNAME varchar(255) not null, primary key (USER_ID)) type=MyISAM" via JDBC Statement
		at org.hibernate.tool.schema.internal.exec.GenerationTargetToDatabase.accept(GenerationTargetToDatabase.java:67)
		at org.hibernate.tool.schema.internal.SchemaCreatorImpl.applySqlString(SchemaCreatorImpl.java:440)
		at org.hibernate.tool.schema.internal.SchemaCreatorImpl.applySqlStrings(SchemaCreatorImpl.java:424)
		at org.hibernate.tool.schema.internal.SchemaCreatorImpl.createFromMetadata(SchemaCreatorImpl.java:315)
		at org.hibernate.tool.schema.internal.SchemaCreatorImpl.performCreation(SchemaCreatorImpl.java:166)
		at org.hibernate.tool.schema.internal.SchemaCreatorImpl.doCreation(SchemaCreatorImpl.java:135)
		at org.hibernate.tool.schema.internal.SchemaCreatorImpl.doCreation(SchemaCreatorImpl.java:121)
		at org.hibernate.tool.schema.spi.SchemaManagementToolCoordinator.performDatabaseAction(SchemaManagementToolCoordinator.java:155)
		at org.hibernate.tool.schema.spi.SchemaManagementToolCoordinator.process(SchemaManagementToolCoordinator.java:72)
		at org.hibernate.internal.SessionFactoryImpl.<init>(SessionFactoryImpl.java:310)
		at org.hibernate.boot.internal.SessionFactoryBuilderImpl.build(SessionFactoryBuilderImpl.java:467)
		at org.hibernate.cfg.Configuration.buildSessionFactory(Configuration.java:708)
		at org.hibernate.cfg.Configuration.buildSessionFactory(Configuration.java:724)
		at Utils.DependencyLoaderListener.contextInitialized(DependencyLoaderListener.java:28)
		at org.apache.catalina.core.StandardContext.listenerStart(StandardContext.java:4763)
		at org.apache.catalina.core.StandardContext.startInternal(StandardContext.java:5232)
		at org.apache.catalina.util.LifecycleBase.start(LifecycleBase.java:183)
		at org.apache.catalina.core.ContainerBase$StartChild.call(ContainerBase.java:1427)
		at org.apache.catalina.core.ContainerBase$StartChild.call(ContainerBase.java:1417)
		at java.util.concurrent.FutureTask.run(FutureTask.java:266)
		at java.util.concurrent.ThreadPoolExecutor.runWorker(ThreadPoolExecutor.java:1149)
		at java.util.concurrent.ThreadPoolExecutor$Worker.run(ThreadPoolExecutor.java:624)
		at java.lang.Thread.run(Thread.java:748)
	Caused by: java.sql.SQLSyntaxErrorException: (conn=9376) You have an error in your SQL syntax; check the manual that corresponds to your MariaDB server version for the right syntax to use near 'type=MyISAM' at line 1
		at org.mariadb.jdbc.internal.util.exceptions.ExceptionFactory.createException(ExceptionFactory.java:62)
		at org.mariadb.jdbc.internal.util.exceptions.ExceptionFactory.create(ExceptionFactory.java:158)
		at org.mariadb.jdbc.MariaDbStatement.executeExceptionEpilogue(MariaDbStatement.java:266)
		at org.mariadb.jdbc.MariaDbStatement.executeInternal(MariaDbStatement.java:366)
		at org.mariadb.jdbc.MariaDbStatement.execute(MariaDbStatement.java:504)
		at org.hibernate.tool.schema.internal.exec.GenerationTargetToDatabase.accept(GenerationTargetToDatabase.java:54)
		... 22 more
	Caused by: org.mariadb.jdbc.internal.util.exceptions.MariaDbSqlException: You have an error in your SQL syntax; check the manual that corresponds to your MariaDB server version for the right syntax to use near 'type=MyISAM' at line 1
		at org.mariadb.jdbc.internal.util.exceptions.MariaDbSqlException.of(MariaDbSqlException.java:34)
		at org.mariadb.jdbc.internal.protocol.AbstractQueryProtocol.exceptionWithQuery(AbstractQueryProtocol.java:194)
		at org.mariadb.jdbc.internal.protocol.AbstractQueryProtocol.executeQuery(AbstractQueryProtocol.java:262)
		at org.mariadb.jdbc.MariaDbStatement.executeInternal(MariaDbStatement.java:360)
		... 24 more
	Caused by: java.sql.SQLException: You have an error in your SQL syntax; check the manual that corresponds to your MariaDB server version for the right syntax to use near 'type=MyISAM' at line 1
		at org.mariadb.jdbc.internal.protocol.AbstractQueryProtocol.readErrorPacket(AbstractQueryProtocol.java:1694)
		at org.mariadb.jdbc.internal.protocol.AbstractQueryProtocol.readPacket(AbstractQueryProtocol.java:1556)
		at org.mariadb.jdbc.internal.protocol.AbstractQueryProtocol.getResult(AbstractQueryProtocol.java:1519)
		at org.mariadb.jdbc.internal.protocol.AbstractQueryProtocol.executeQuery(AbstractQueryProtocol.java:256)
		... 25 more
Hibernate: create table USERS (USER_ID integer not null auto_increment, FIRST_NAME varchar(255), LAST_NAME varchar(255), primary key (USER_ID)) type=MyISAM
